#
# A fatal error has been detected by the Java Runtime Environment:
#
#  SIGBUS (0xa) at pc=0x0000000109594e92, pid=46876, tid=0x0000000000001a03
#
# JRE version: Java(TM) SE Runtime Environment (8.0_151-b12) (build 1.8.0_151-b12)
# Java VM: Java HotSpot(TM) 64-Bit Server VM (25.151-b12 mixed mode bsd-amd64 compressed oops)
# Problematic frame:
# C  [libzip.dylib+0x2e92]  newEntry+0x154
#
# Failed to write core dump. Core dumps have been disabled. To enable core dumping, try "ulimit -c unlimited" before starting Java again
#
# If you would like to submit a bug report, please visit:
#   http://bugreport.java.com/bugreport/crash.jsp
# The crash happened outside the Java Virtual Machine in native code.
# See problematic frame for where to report the bug.
#

---------------  T H R E A D  ---------------

Current thread (0x00007fec5b801800):  JavaThread "main" [_thread_in_native, id=6659, stack(0x000070000fb89000,0x000070000fc89000)]

siginfo: si_signo: 10 (SIGBUS), si_code: 2 (BUS_ADRERR), si_addr: 0x00000001185d7920

Registers:
RAX=0x00007fec5c427920, RBX=0x00000001185d7914, RCX=0x0000000000000001, RDX=0x0000000000080000
RSP=0x000070000fc821c0, RBP=0x000070000fc82220, RSI=0x00000000fff87fff, RDI=0x0000000000000597
R8 =0x00000000c5c35973, R9 =0x0000000000000004, R10=0x00000000fff80000, R11=0x00007fec5c300000
R12=0x00007fec6049b800, R13=0x0000000000000b20, R14=0x00000000857c838c, R15=0x00007fec5ae223f0
RIP=0x0000000109594e92, EFLAGS=0x0000000000010206, ERR=0x0000000000000004
  TRAPNO=0x000000000000000e

Top of Stack: (sp=0x000070000fc821c0)
0x000070000fc821c0:   00007fec5b801800 000000005af00bf0
0x000070000fc821d0:   00007fec61860400 00007fec61860690
0x000070000fc821e0:   000070000fc82200 00007fec5c427920
0x000070000fc821f0:   00007fec5c3596e0 00007fec5c427920
0x000070000fc82200:   00007fec6049b800 0000000000000b20
0x000070000fc82210:   00000000857c838c 00007fec5ae223f0
0x000070000fc82220:   000070000fc82280 000000010959552d
0x000070000fc82230:   000070000fc822bf 000070000fc822be
0x000070000fc82240:   0000001f00000000 0000002001801800
0x000070000fc82250:   000070000fc8229e 000070000fc826e8
0x000070000fc82260:   0000000000000020 000070000fc8229e
0x000070000fc82270:   00007fec5c427920 00007fec5b8019f8
0x000070000fc82280:   000070000fc826d0 0000000109594238
0x000070000fc82290:   000070000fc822c0 6f63000100000001
0x000070000fc822a0:   7469626261722f6d 6e65696c632f716d
0x000070000fc822b0:   646f6874654d2f74 00007373616c632e
0x000070000fc822c0:   00007fec66214a60 0000000114ec2470
0x000070000fc822d0:   000000011884fc20 000070000fc823e0
0x000070000fc822e0:   0000000114ec2470 000070000fc82590
0x000070000fc822f0:   00007fec5b801800 000070000fc823e0
0x000070000fc82300:   0000000114ec2470 000070000fc82590
0x000070000fc82310:   000070000fc82480 000000010a925bf4
0x000070000fc82320:   000070000fc82350 00007fec61860688
0x000070000fc82330:   00007fec5b8019f8 000070000fc82590
0x000070000fc82340:   00007fec5ee84d48 000000077269fce8
0x000070000fc82350:   00000006c14d11f0 000000010ababe2d
0x000070000fc82360:   00007fffa4906000 00000000000007a0
0x000070000fc82370:   000070000fc823a0 00007fff6ba64201
0x000070000fc82380:   00007fec66214a00 00000000840101b0
0x000070000fc82390:   0000000000003412 000070000fc82348
0x000070000fc823a0:   000070000fc82389 0000000800000002
0x000070000fc823b0:   000070000fc82300 00007fec5af001f0 

Instructions: (pc=0x0000000109594e92)
0x0000000109594e72:   49 8b 7f 38 e8 5b 1b 00 00 4d 89 77 38 49 89 5f
0x0000000109594e82:   40 4c 89 f0 48 85 c0 0f 84 11 05 00 00 48 89 c3
0x0000000109594e92:   0f b6 43 0c 0f b6 4b 0d 48 c1 e1 08 48 01 c1 0f
0x0000000109594ea2:   b6 43 0e 0f b6 53 0f 48 c1 e2 08 48 01 c2 48 c1 

Register to memory mapping:

RAX=0x00007fec5c427920 is an unknown value
RBX=0x00000001185d7914 is an unknown value
RCX=0x0000000000000001 is an unknown value
RDX=0x0000000000080000 is an unknown value
RSP=0x000070000fc821c0 is pointing into the stack for thread: 0x00007fec5b801800
RBP=0x000070000fc82220 is pointing into the stack for thread: 0x00007fec5b801800
RSI=0x00000000fff87fff is an unknown value
RDI=0x0000000000000597 is an unknown value
R8 =0x00000000c5c35973 is an unknown value
R9 =0x0000000000000004 is an unknown value
R10=0x00000000fff80000 is an unknown value
R11=0x00007fec5c300000 is an unknown value
R12=0x00007fec6049b800 is an unknown value
R13=0x0000000000000b20 is an unknown value
R14=0x00000000857c838c is an unknown value
R15=0x00007fec5ae223f0 is an unknown value


Stack: [0x000070000fb89000,0x000070000fc89000],  sp=0x000070000fc821c0,  free space=996k
Native frames: (J=compiled Java code, j=interpreted, Vv=VM code, C=native code)
C  [libzip.dylib+0x2e92]  newEntry+0x154
C  [libzip.dylib+0x352d]  ZIP_GetEntry2+0xd4
C  [libzip.dylib+0x2238]  Java_java_util_zip_ZipFile_getEntry+0xcf
J 194  java.util.zip.ZipFile.getEntry(J[BZ)J (0 bytes) @ 0x000000011899088e [0x00000001189907c0+0xce]
J 5188 C2 java.util.zip.ZipFile.getEntry(Ljava/lang/String;)Ljava/util/zip/ZipEntry; (101 bytes) @ 0x0000000118f2888c [0x0000000118f284e0+0x3ac]
J 1123 C2 sun.misc.URLClassPath$JarLoader.getResource(Ljava/lang/String;Z)Lsun/misc/Resource; (85 bytes) @ 0x0000000118c589b0 [0x0000000118c58920+0x90]
J 1289 C2 sun.misc.URLClassPath.getResource(Ljava/lang/String;Z)Lsun/misc/Resource; (83 bytes) @ 0x0000000118cbf894 [0x0000000118cbf7a0+0xf4]
J 4101 C2 java.net.URLClassLoader$1.run()Ljava/lang/Class; (63 bytes) @ 0x0000000119836a48 [0x0000000119836480+0x5c8]
J 5145 C1 java.net.URLClassLoader$1.run()Ljava/lang/Object; (5 bytes) @ 0x0000000119b37904 [0x0000000119b37880+0x84]
v  ~StubRoutines::call_stub
V  [libjvm.dylib+0x2ee9aa]  JavaCalls::call_helper(JavaValue*, methodHandle*, JavaCallArguments*, Thread*)+0x6ae
V  [libjvm.dylib+0x34f108]  JVM_DoPrivileged+0x4b8
J 218  java.security.AccessController.doPrivileged(Ljava/security/PrivilegedExceptionAction;Ljava/security/AccessControlContext;)Ljava/lang/Object; (0 bytes) @ 0x00000001189a2bd5 [0x00000001189a2b00+0xd5]
J 1773 C2 java.net.URLClassLoader.findClass(Ljava/lang/String;)Ljava/lang/Class; (47 bytes) @ 0x0000000118e57c84 [0x0000000118e57be0+0xa4]
J 4133 C1 org.mule.module.launcher.FineGrainedControlClassLoader.findClass(Ljava/lang/String;)Ljava/lang/Class; (37 bytes) @ 0x0000000119655d14 [0x00000001196556e0+0x634]
j  org.mule.module.launcher.FineGrainedControlClassLoader.loadClass(Ljava/lang/String;Z)Ljava/lang/Class;+70
J 3714 C2 java.lang.ClassLoader.loadClass(Ljava/lang/String;)Ljava/lang/Class; (7 bytes) @ 0x0000000118edace4 [0x0000000118edaca0+0x44]
v  ~StubRoutines::call_stub
V  [libjvm.dylib+0x2ee9aa]  JavaCalls::call_helper(JavaValue*, methodHandle*, JavaCallArguments*, Thread*)+0x6ae
V  [libjvm.dylib+0x2ef14e]  JavaCalls::call_virtual(JavaValue*, KlassHandle, Symbol*, Symbol*, JavaCallArguments*, Thread*)+0x164
V  [libjvm.dylib+0x2ef2a6]  JavaCalls::call_virtual(JavaValue*, Handle, KlassHandle, Symbol*, Symbol*, Handle, Thread*)+0x56
V  [libjvm.dylib+0x53d2f6]  SystemDictionary::load_instance_class(Symbol*, Handle, Thread*)+0x2d8
V  [libjvm.dylib+0x53cabe]  SystemDictionary::resolve_instance_class_or_null(Symbol*, Handle, Handle, Thread*)+0x484
V  [libjvm.dylib+0x53d512]  SystemDictionary::resolve_or_null(Symbol*, Handle, Handle, Thread*)+0x106
V  [libjvm.dylib+0x53dbc5]  SystemDictionary::resolve_or_fail(Symbol*, Handle, Handle, bool, Thread*)+0x31
V  [libjvm.dylib+0x5888b0]  VerificationType::is_reference_assignable_from(VerificationType const&, ClassVerifier*, bool, Thread*) const+0xe4
V  [libjvm.dylib+0x509fbf]  VerificationType::is_assignable_from(VerificationType const&, ClassVerifier*, bool, Thread*) const+0x13f
V  [libjvm.dylib+0x5095ce]  StackMapFrame::is_assignable_to(VerificationType*, VerificationType*, int, Thread*) const+0x3a
V  [libjvm.dylib+0x5099e1]  StackMapFrame::is_assignable_to(StackMapFrame const*, ErrorContext*, Thread*) const+0x1ab
V  [libjvm.dylib+0x50aea1]  StackMapTable::match_stackmap(StackMapFrame*, int, int, bool, bool, ErrorContext*, Thread*) const+0xf1
V  [libjvm.dylib+0x50af9d]  StackMapTable::match_stackmap(StackMapFrame*, int, bool, bool, ErrorContext*, Thread*) const+0x43
V  [libjvm.dylib+0x50b026]  StackMapTable::check_jump_target(StackMapFrame*, int, Thread*) const+0x7e
V  [libjvm.dylib+0x59120e]  ClassVerifier::verify_method(methodHandle, Thread*)+0x1252
V  [libjvm.dylib+0x5a7d1a]  ClassVerifier::verify_class(Thread*)+0xbe
V  [libjvm.dylib+0x5a898e]  Verifier::verify(instanceKlassHandle, Verifier::Mode, bool, Thread*)+0x110
V  [libjvm.dylib+0x2c239b]  InstanceKlass::link_class_impl(instanceKlassHandle, bool, Thread*)+0x3a1
V  [libjvm.dylib+0x2c26fd]  InstanceKlass::link_class(Thread*)+0x3b
V  [libjvm.dylib+0x2c2735]  InstanceKlass::initialize_impl(instanceKlassHandle, Thread*)+0x25
V  [libjvm.dylib+0x2c2e5b]  InstanceKlass::initialize(Thread*)+0x3d
V  [libjvm.dylib+0x3cf620]  LinkResolver::resolve_static_call(CallInfo&, KlassHandle&, Symbol*, Symbol*, KlassHandle, bool, bool, Thread*)+0x9c
V  [libjvm.dylib+0x3cf834]  LinkResolver::resolve_invokestatic(CallInfo&, constantPoolHandle, int, Thread*)+0x102
V  [libjvm.dylib+0x3cf8f5]  LinkResolver::resolve_invoke(CallInfo&, Handle, constantPoolHandle, int, Bytecodes::Code, Thread*)+0xb3
V  [libjvm.dylib+0x2e8d9f]  InterpreterRuntime::resolve_invoke(JavaThread*, Bytecodes::Code)+0x377
j  com.rabbitmq.client.ConnectionFactory.<init>()V+70
j  org.mule.transport.amqp.internal.connector.AmqpConnector.doInitialise()V+27
j  org.mule.transport.AbstractConnector$1.onTransition(Ljava/lang/String;Lorg/mule/api/transport/Connector;)V+184
j  org.mule.transport.AbstractConnector$1.onTransition(Ljava/lang/String;Ljava/lang/Object;)V+6
j  org.mule.lifecycle.AbstractLifecycleManager.invokePhase(Ljava/lang/String;Ljava/lang/Object;Lorg/mule/api/lifecycle/LifecycleCallback;)V+13
j  org.mule.transport.ConnectorLifecycleManager.fireInitialisePhase(Lorg/mule/api/lifecycle/LifecycleCallback;)V+65
j  org.mule.transport.AbstractConnector.initialise()V+12
j  sun.reflect.GeneratedMethodAccessor68.invoke(Ljava/lang/Object;[Ljava/lang/Object;)Ljava/lang/Object;+36
J 5001 C2 java.lang.reflect.Method.invoke(Ljava/lang/Object;[Ljava/lang/Object;)Ljava/lang/Object; (62 bytes) @ 0x0000000119ac5100 [0x0000000119ac5040+0xc0]
j  org.mule.lifecycle.phases.DefaultLifecyclePhase.applyLifecycle(Ljava/lang/Object;)V+92
j  org.mule.lifecycle.phases.MuleContextInitialisePhase.applyLifecycle(Ljava/lang/Object;)V+2
j  org.mule.lifecycle.RegistryLifecycleCallback.doApplyLifecycle(Lorg/mule/api/lifecycle/LifecyclePhase;Ljava/util/Set;Lorg/mule/lifecycle/LifecycleObject;Ljava/util/Collection;)V+127
j  org.mule.lifecycle.RegistryLifecycleCallback.onTransition(Ljava/lang/String;Ljava/lang/Object;)V+146
j  org.mule.lifecycle.AbstractLifecycleManager.invokePhase(Ljava/lang/String;Ljava/lang/Object;Lorg/mule/api/lifecycle/LifecycleCallback;)V+13
j  org.mule.lifecycle.RegistryLifecycleManager.fireLifecycle(Ljava/lang/String;)V+39
j  org.mule.registry.AbstractRegistry.fireLifecycle(Ljava/lang/String;)V+38
j  org.mule.registry.AbstractRegistry.initialise()V+49
j  org.mule.config.spring.SpringXmlConfigurationBuilder.createSpringRegistry(Lorg/mule/api/MuleContext;Lorg/springframework/context/ApplicationContext;)V+91
j  org.mule.config.spring.SpringXmlConfigurationBuilder.doConfigure(Lorg/mule/api/MuleContext;)V+45
j  org.mule.config.builders.AbstractConfigurationBuilder.configure(Lorg/mule/api/MuleContext;)V+2
j  org.mule.config.builders.AbstractResourceConfigurationBuilder.configure(Lorg/mule/api/MuleContext;)V+22
j  org.mule.config.builders.AutoConfigurationBuilder.autoConfigure(Lorg/mule/api/MuleContext;[Lorg/mule/config/ConfigResource;)V+336
j  org.mule.config.builders.AutoConfigurationBuilder.doConfigure(Lorg/mule/api/MuleContext;)V+6
j  org.mule.config.builders.AbstractConfigurationBuilder.configure(Lorg/mule/api/MuleContext;)V+2
j  org.mule.config.builders.AbstractResourceConfigurationBuilder.configure(Lorg/mule/api/MuleContext;)V+22
j  org.mule.context.DefaultMuleContextFactory$1.configure(Lorg/mule/api/MuleContext;)V+31
j  org.mule.context.DefaultMuleContextFactory.doCreateMuleContext(Lorg/mule/api/context/MuleContextBuilder;Lorg/mule/context/DefaultMuleContextFactory$ContextConfigurator;)Lorg/mule/api/MuleContext;+24
j  org.mule.context.DefaultMuleContextFactory.createMuleContext(Ljava/util/List;Lorg/mule/api/context/MuleContextBuilder;)Lorg/mule/api/MuleContext;+11
j  org.mule.module.launcher.application.DefaultMuleApplication.init()V+164
j  org.mule.module.launcher.artifact.ArtifactWrapper$2.execute()V+7
j  org.mule.module.launcher.artifact.ArtifactWrapper.executeWithinArtifactClassLoader(Lorg/mule/module/launcher/artifact/ArtifactWrapper$ArtifactAction;)V+36
j  org.mule.module.launcher.artifact.ArtifactWrapper.init()V+9
j  org.mule.module.launcher.DefaultArtifactDeployer.deploy(Lorg/mule/module/launcher/artifact/Artifact;)V+7
j  org.mule.module.launcher.DefaultArchiveDeployer.deployArtifact(Lorg/mule/module/launcher/artifact/Artifact;Lcom/google/common/base/Optional;)V+25
j  org.mule.module.launcher.DefaultArchiveDeployer.deployArtifact(Lorg/mule/module/launcher/artifact/Artifact;)V+7
j  org.mule.module.launcher.DefaultArchiveDeployer.deployPackagedArtifact(Ljava/net/URL;Lcom/google/common/base/Optional;)Lorg/mule/module/launcher/artifact/Artifact;+142
j  org.mule.module.launcher.DefaultArchiveDeployer.deployPackagedArtifact(Ljava/net/URL;Ljava/lang/String;Lcom/google/common/base/Optional;)Lorg/mule/module/launcher/artifact/Artifact;+85
j  org.mule.module.launcher.DefaultArchiveDeployer.deployPackagedArtifact(Ljava/lang/String;Lcom/google/common/base/Optional;)Lorg/mule/module/launcher/artifact/Artifact;+36
j  org.mule.module.launcher.DefaultArchiveDeployer.deployPackagedArtifact(Ljava/lang/String;)Lorg/mule/module/launcher/artifact/Artifact;+7
j  org.mule.module.launcher.DeploymentDirectoryWatcher.deployPackedApps([Ljava/lang/String;)V+26
j  org.mule.module.launcher.DeploymentDirectoryWatcher.start()V+95
j  org.mule.module.launcher.MuleDeploymentService.start()V+43
j  org.mule.module.launcher.MuleContainer.start(Z)V+64
v  ~StubRoutines::call_stub
V  [libjvm.dylib+0x2ee9aa]  JavaCalls::call_helper(JavaValue*, methodHandle*, JavaCallArguments*, Thread*)+0x6ae
V  [libjvm.dylib+0x4d3cd0]  Reflection::invoke(instanceKlassHandle, methodHandle, Handle, bool, objArrayHandle, BasicType, objArrayHandle, bool, Thread*)+0xe12
V  [libjvm.dylib+0x4d4204]  Reflection::invoke_method(oopDesc*, Handle, objArrayHandle, Thread*)+0x16c
V  [libjvm.dylib+0x346dac]  JVM_InvokeMethod+0x166
j  sun.reflect.NativeMethodAccessorImpl.invoke0(Ljava/lang/reflect/Method;Ljava/lang/Object;[Ljava/lang/Object;)Ljava/lang/Object;+0
j  sun.reflect.NativeMethodAccessorImpl.invoke(Ljava/lang/Object;[Ljava/lang/Object;)Ljava/lang/Object;+100
j  sun.reflect.DelegatingMethodAccessorImpl.invoke(Ljava/lang/Object;[Ljava/lang/Object;)Ljava/lang/Object;+6
j  java.lang.reflect.Method.invoke(Ljava/lang/Object;[Ljava/lang/Object;)Ljava/lang/Object;+56
j  org.mule.tooling.server.application.ApplicationDeployer.main([Ljava/lang/String;)V+85
v  ~StubRoutines::call_stub
V  [libjvm.dylib+0x2ee9aa]  JavaCalls::call_helper(JavaValue*, methodHandle*, JavaCallArguments*, Thread*)+0x6ae
V  [libjvm.dylib+0x3257c2]  jni_invoke_static(JNIEnv_*, JavaValue*, _jobject*, JNICallType, _jmethodID*, JNI_ArgumentPusher*, Thread*)+0x1bf
V  [libjvm.dylib+0x31e539]  jni_CallStaticVoidMethod+0x15d
...<more frames>...

Java frames: (J=compiled Java code, j=interpreted, Vv=VM code)
J 194  java.util.zip.ZipFile.getEntry(J[BZ)J (0 bytes) @ 0x0000000118990818 [0x00000001189907c0+0x58]
J 5188 C2 java.util.zip.ZipFile.getEntry(Ljava/lang/String;)Ljava/util/zip/ZipEntry; (101 bytes) @ 0x0000000118f2888c [0x0000000118f284e0+0x3ac]
J 1123 C2 sun.misc.URLClassPath$JarLoader.getResource(Ljava/lang/String;Z)Lsun/misc/Resource; (85 bytes) @ 0x0000000118c589b0 [0x0000000118c58920+0x90]
J 1289 C2 sun.misc.URLClassPath.getResource(Ljava/lang/String;Z)Lsun/misc/Resource; (83 bytes) @ 0x0000000118cbf894 [0x0000000118cbf7a0+0xf4]
J 4101 C2 java.net.URLClassLoader$1.run()Ljava/lang/Class; (63 bytes) @ 0x0000000119836a48 [0x0000000119836480+0x5c8]
J 5145 C1 java.net.URLClassLoader$1.run()Ljava/lang/Object; (5 bytes) @ 0x0000000119b37904 [0x0000000119b37880+0x84]
v  ~StubRoutines::call_stub
J 218  java.security.AccessController.doPrivileged(Ljava/security/PrivilegedExceptionAction;Ljava/security/AccessControlContext;)Ljava/lang/Object; (0 bytes) @ 0x00000001189a2b63 [0x00000001189a2b00+0x63]
J 1773 C2 java.net.URLClassLoader.findClass(Ljava/lang/String;)Ljava/lang/Class; (47 bytes) @ 0x0000000118e57c84 [0x0000000118e57be0+0xa4]
J 4133 C1 org.mule.module.launcher.FineGrainedControlClassLoader.findClass(Ljava/lang/String;)Ljava/lang/Class; (37 bytes) @ 0x0000000119655d14 [0x00000001196556e0+0x634]
j  org.mule.module.launcher.FineGrainedControlClassLoader.loadClass(Ljava/lang/String;Z)Ljava/lang/Class;+70
J 3714 C2 java.lang.ClassLoader.loadClass(Ljava/lang/String;)Ljava/lang/Class; (7 bytes) @ 0x0000000118edace4 [0x0000000118edaca0+0x44]
v  ~StubRoutines::call_stub
j  com.rabbitmq.client.ConnectionFactory.<init>()V+70
j  org.mule.transport.amqp.internal.connector.AmqpConnector.doInitialise()V+27
j  org.mule.transport.AbstractConnector$1.onTransition(Ljava/lang/String;Lorg/mule/api/transport/Connector;)V+184
j  org.mule.transport.AbstractConnector$1.onTransition(Ljava/lang/String;Ljava/lang/Object;)V+6
j  org.mule.lifecycle.AbstractLifecycleManager.invokePhase(Ljava/lang/String;Ljava/lang/Object;Lorg/mule/api/lifecycle/LifecycleCallback;)V+13
j  org.mule.transport.ConnectorLifecycleManager.fireInitialisePhase(Lorg/mule/api/lifecycle/LifecycleCallback;)V+65
j  org.mule.transport.AbstractConnector.initialise()V+12
j  sun.reflect.GeneratedMethodAccessor68.invoke(Ljava/lang/Object;[Ljava/lang/Object;)Ljava/lang/Object;+36
J 5001 C2 java.lang.reflect.Method.invoke(Ljava/lang/Object;[Ljava/lang/Object;)Ljava/lang/Object; (62 bytes) @ 0x0000000119ac5100 [0x0000000119ac5040+0xc0]
j  org.mule.lifecycle.phases.DefaultLifecyclePhase.applyLifecycle(Ljava/lang/Object;)V+92
j  org.mule.lifecycle.phases.MuleContextInitialisePhase.applyLifecycle(Ljava/lang/Object;)V+2
j  org.mule.lifecycle.RegistryLifecycleCallback.doApplyLifecycle(Lorg/mule/api/lifecycle/LifecyclePhase;Ljava/util/Set;Lorg/mule/lifecycle/LifecycleObject;Ljava/util/Collection;)V+127
j  org.mule.lifecycle.RegistryLifecycleCallback.onTransition(Ljava/lang/String;Ljava/lang/Object;)V+146
j  org.mule.lifecycle.AbstractLifecycleManager.invokePhase(Ljava/lang/String;Ljava/lang/Object;Lorg/mule/api/lifecycle/LifecycleCallback;)V+13
j  org.mule.lifecycle.RegistryLifecycleManager.fireLifecycle(Ljava/lang/String;)V+39
j  org.mule.registry.AbstractRegistry.fireLifecycle(Ljava/lang/String;)V+38
j  org.mule.registry.AbstractRegistry.initialise()V+49
j  org.mule.config.spring.SpringXmlConfigurationBuilder.createSpringRegistry(Lorg/mule/api/MuleContext;Lorg/springframework/context/ApplicationContext;)V+91
j  org.mule.config.spring.SpringXmlConfigurationBuilder.doConfigure(Lorg/mule/api/MuleContext;)V+45
j  org.mule.config.builders.AbstractConfigurationBuilder.configure(Lorg/mule/api/MuleContext;)V+2
j  org.mule.config.builders.AbstractResourceConfigurationBuilder.configure(Lorg/mule/api/MuleContext;)V+22
j  org.mule.config.builders.AutoConfigurationBuilder.autoConfigure(Lorg/mule/api/MuleContext;[Lorg/mule/config/ConfigResource;)V+336
j  org.mule.config.builders.AutoConfigurationBuilder.doConfigure(Lorg/mule/api/MuleContext;)V+6
j  org.mule.config.builders.AbstractConfigurationBuilder.configure(Lorg/mule/api/MuleContext;)V+2
j  org.mule.config.builders.AbstractResourceConfigurationBuilder.configure(Lorg/mule/api/MuleContext;)V+22
j  org.mule.context.DefaultMuleContextFactory$1.configure(Lorg/mule/api/MuleContext;)V+31
j  org.mule.context.DefaultMuleContextFactory.doCreateMuleContext(Lorg/mule/api/context/MuleContextBuilder;Lorg/mule/context/DefaultMuleContextFactory$ContextConfigurator;)Lorg/mule/api/MuleContext;+24
j  org.mule.context.DefaultMuleContextFactory.createMuleContext(Ljava/util/List;Lorg/mule/api/context/MuleContextBuilder;)Lorg/mule/api/MuleContext;+11
j  org.mule.module.launcher.application.DefaultMuleApplication.init()V+164
j  org.mule.module.launcher.artifact.ArtifactWrapper$2.execute()V+7
j  org.mule.module.launcher.artifact.ArtifactWrapper.executeWithinArtifactClassLoader(Lorg/mule/module/launcher/artifact/ArtifactWrapper$ArtifactAction;)V+36
j  org.mule.module.launcher.artifact.ArtifactWrapper.init()V+9
j  org.mule.module.launcher.DefaultArtifactDeployer.deploy(Lorg/mule/module/launcher/artifact/Artifact;)V+7
j  org.mule.module.launcher.DefaultArchiveDeployer.deployArtifact(Lorg/mule/module/launcher/artifact/Artifact;Lcom/google/common/base/Optional;)V+25
j  org.mule.module.launcher.DefaultArchiveDeployer.deployArtifact(Lorg/mule/module/launcher/artifact/Artifact;)V+7
j  org.mule.module.launcher.DefaultArchiveDeployer.deployPackagedArtifact(Ljava/net/URL;Lcom/google/common/base/Optional;)Lorg/mule/module/launcher/artifact/Artifact;+142
j  org.mule.module.launcher.DefaultArchiveDeployer.deployPackagedArtifact(Ljava/net/URL;Ljava/lang/String;Lcom/google/common/base/Optional;)Lorg/mule/module/launcher/artifact/Artifact;+85
j  org.mule.module.launcher.DefaultArchiveDeployer.deployPackagedArtifact(Ljava/lang/String;Lcom/google/common/base/Optional;)Lorg/mule/module/launcher/artifact/Artifact;+36
j  org.mule.module.launcher.DefaultArchiveDeployer.deployPackagedArtifact(Ljava/lang/String;)Lorg/mule/module/launcher/artifact/Artifact;+7
j  org.mule.module.launcher.DeploymentDirectoryWatcher.deployPackedApps([Ljava/lang/String;)V+26
j  org.mule.module.launcher.DeploymentDirectoryWatcher.start()V+95
j  org.mule.module.launcher.MuleDeploymentService.start()V+43
j  org.mule.module.launcher.MuleContainer.start(Z)V+64
v  ~StubRoutines::call_stub
j  sun.reflect.NativeMethodAccessorImpl.invoke0(Ljava/lang/reflect/Method;Ljava/lang/Object;[Ljava/lang/Object;)Ljava/lang/Object;+0
j  sun.reflect.NativeMethodAccessorImpl.invoke(Ljava/lang/Object;[Ljava/lang/Object;)Ljava/lang/Object;+100
j  sun.reflect.DelegatingMethodAccessorImpl.invoke(Ljava/lang/Object;[Ljava/lang/Object;)Ljava/lang/Object;+6
j  java.lang.reflect.Method.invoke(Ljava/lang/Object;[Ljava/lang/Object;)Ljava/lang/Object;+56
j  org.mule.tooling.server.application.ApplicationDeployer.main([Ljava/lang/String;)V+85
v  ~StubRoutines::call_stub

---------------  P R O C E S S  ---------------

Java Threads: ( => current thread )
  0x00007fec5e5fe000 JavaThread "[crm2ldap].http.listener.HttpIdleConnectionCloser.01" [_thread_blocked, id=31491, stack(0x0000700013128000,0x0000700013228000)]
  0x00007fec5cc94800 JavaThread "[crm2ldap].http.listener.worker(16)" daemon [_thread_blocked, id=36355, stack(0x0000700013025000,0x0000700013125000)]
  0x00007fec5cc93800 JavaThread "[crm2ldap].http.listener.worker(15)" daemon [_thread_blocked, id=30723, stack(0x0000700012f22000,0x0000700013022000)]
  0x00007fec5d4bc800 JavaThread "[crm2ldap].http.listener.worker(14)" daemon [_thread_blocked, id=36611, stack(0x0000700012e1f000,0x0000700012f1f000)]
  0x00007fec5cd06000 JavaThread "[crm2ldap].http.listener.worker(13)" daemon [_thread_blocked, id=29955, stack(0x0000700012d1c000,0x0000700012e1c000)]
  0x00007fec5cd05800 JavaThread "[crm2ldap].http.listener.worker(12)" daemon [_thread_blocked, id=29699, stack(0x0000700012c19000,0x0000700012d19000)]
  0x00007fec5e5fd800 JavaThread "[crm2ldap].http.listener.worker(11)" daemon [_thread_blocked, id=29443, stack(0x0000700012b16000,0x0000700012c16000)]
  0x00007fec5d4bb800 JavaThread "[crm2ldap].http.listener.worker(10)" daemon [_thread_blocked, id=37635, stack(0x0000700012a13000,0x0000700012b13000)]
  0x00007fec5bbbe000 JavaThread "[crm2ldap].http.listener.worker(9)" daemon [_thread_blocked, id=29187, stack(0x0000700012910000,0x0000700012a10000)]
  0x00007fec63af9800 JavaThread "[crm2ldap].http.listener.worker(8)" daemon [_thread_blocked, id=38403, stack(0x000070001280d000,0x000070001290d000)]
  0x00007fec5b8ac800 JavaThread "[crm2ldap].http.listener.worker(7)" daemon [_thread_blocked, id=38659, stack(0x000070001270a000,0x000070001280a000)]
  0x00007fec5b8ad800 JavaThread "[crm2ldap].http.listener.worker(6)" daemon [_thread_blocked, id=39171, stack(0x0000700012607000,0x0000700012707000)]
  0x00007fec5b10d000 JavaThread "[crm2ldap].http.listener.worker(5)" daemon [_thread_blocked, id=28419, stack(0x0000700012504000,0x0000700012604000)]
  0x00007fec5b10c000 JavaThread "[crm2ldap].http.listener.worker(4)" daemon [_thread_blocked, id=39427, stack(0x0000700012401000,0x0000700012501000)]
  0x00007fec623fd000 JavaThread "[crm2ldap].http.listener.worker(3)" daemon [_thread_blocked, id=39939, stack(0x00007000122fe000,0x00007000123fe000)]
  0x00007fec6321a800 JavaThread "[crm2ldap].http.listener.worker(2)" daemon [_thread_blocked, id=27651, stack(0x00007000121fb000,0x00007000122fb000)]
  0x00007fec5e6ac800 JavaThread "[crm2ldap].http.listener.worker(1)" daemon [_thread_blocked, id=27139, stack(0x00007000120f8000,0x00007000121f8000)]
  0x00007fec5d7d5800 JavaThread "[crm2ldap].http.listener(9) SelectorRunner" daemon [_thread_in_native, id=26627, stack(0x0000700011ff5000,0x00007000120f5000)]
  0x00007fec5caab800 JavaThread "[crm2ldap].http.listener(8) SelectorRunner" daemon [_thread_in_native, id=40195, stack(0x0000700011ef2000,0x0000700011ff2000)]
  0x00007fec5d41c800 JavaThread "[crm2ldap].http.listener(7) SelectorRunner" daemon [_thread_in_native, id=40451, stack(0x0000700011def000,0x0000700011eef000)]
  0x00007fec5e567800 JavaThread "[crm2ldap].http.listener(6) SelectorRunner" daemon [_thread_in_native, id=40963, stack(0x0000700011cec000,0x0000700011dec000)]
  0x00007fec5be17800 JavaThread "[crm2ldap].http.listener(5) SelectorRunner" daemon [_thread_in_native, id=25603, stack(0x0000700011be9000,0x0000700011ce9000)]
  0x00007fec5ea9d000 JavaThread "[crm2ldap].http.listener(4) SelectorRunner" daemon [_thread_in_native, id=41219, stack(0x0000700011ae6000,0x0000700011be6000)]
  0x00007fec5e6b0800 JavaThread "[crm2ldap].http.listener(3) SelectorRunner" daemon [_thread_in_native, id=41475, stack(0x00007000119e3000,0x0000700011ae3000)]
  0x00007fec62664800 JavaThread "[crm2ldap].http.listener(2) SelectorRunner" daemon [_thread_in_native, id=41731, stack(0x00007000118e0000,0x00007000119e0000)]
  0x00007fec62572800 JavaThread "[crm2ldap].http.listener(1) SelectorRunner" daemon [_thread_in_native, id=41987, stack(0x00007000117dd000,0x00007000118dd000)]
  0x00007fec61035000 JavaThread "[crm2ldap].Mule.01" [_thread_blocked, id=24323, stack(0x00007000116da000,0x00007000117da000)]
  0x00007fec5f0d2000 JavaThread "Log4j2-TF-1-AsyncLoggerConfig-3" daemon [_thread_blocked, id=23811, stack(0x00007000115d7000,0x00007000116d7000)]
  0x00007fec5b9b0800 JavaThread "Log4j2-TF-1-AsyncLoggerConfig-2" daemon [_thread_blocked, id=3083, stack(0x00007000114d4000,0x00007000115d4000)]
  0x00007fec601ca800 JavaThread "MapDB writer #2" daemon [_thread_blocked, id=42755, stack(0x00007000113d1000,0x00007000114d1000)]
  0x00007fec5dd8a800 JavaThread "MapDB writer #1" daemon [_thread_blocked, id=23299, stack(0x00007000112ce000,0x00007000113ce000)]
  0x00007fec5d42b000 JavaThread "Log4j2-TF-1-AsyncLoggerConfig-1" daemon [_thread_blocked, id=22787, stack(0x00007000111cb000,0x00007000112cb000)]
  0x00007fec5f005000 JavaThread "Service Thread" daemon [_thread_blocked, id=22275, stack(0x0000700010fc5000,0x00007000110c5000)]
  0x00007fec5f004800 JavaThread "C1 CompilerThread3" daemon [_thread_blocked, id=21763, stack(0x0000700010ec2000,0x0000700010fc2000)]
  0x00007fec5b04d000 JavaThread "C2 CompilerThread2" daemon [_thread_blocked, id=15107, stack(0x0000700010dbf000,0x0000700010ebf000)]
  0x00007fec5b04c000 JavaThread "C2 CompilerThread1" daemon [_thread_in_native, id=15875, stack(0x0000700010cbc000,0x0000700010dbc000)]
  0x00007fec5b049000 JavaThread "C2 CompilerThread0" daemon [_thread_blocked, id=14851, stack(0x0000700010bb9000,0x0000700010cb9000)]
  0x00007fec5d01e800 JavaThread "JDWP Command Reader" daemon [_thread_in_native, id=16387, stack(0x0000700010ab6000,0x0000700010bb6000)]
  0x00007fec5e005000 JavaThread "JDWP Event Helper Thread" daemon [_thread_blocked, id=16899, stack(0x00007000109b3000,0x0000700010ab3000)]
  0x00007fec5f002800 JavaThread "JDWP Transport Listener: dt_socket" daemon [_thread_blocked, id=14343, stack(0x00007000108b0000,0x00007000109b0000)]
  0x00007fec5c803800 JavaThread "Signal Dispatcher" daemon [_thread_blocked, id=17671, stack(0x00007000107ad000,0x00007000108ad000)]
  0x00007fec5b003800 JavaThread "Finalizer" daemon [_thread_blocked, id=18947, stack(0x00007000106aa000,0x00007000107aa000)]
  0x00007fec5e003000 JavaThread "Reference Handler" daemon [_thread_blocked, id=19459, stack(0x00007000105a7000,0x00007000106a7000)]
=>0x00007fec5b801800 JavaThread "main" [_thread_in_native, id=6659, stack(0x000070000fb89000,0x000070000fc89000)]

Other Threads:
  0x00007fec5d008800 VMThread [stack: 0x00007000104a4000,0x00007000105a4000] [id=19971]
  0x00007fec5f01c000 WatcherThread [stack: 0x00007000110c8000,0x00007000111c8000] [id=43011]

VM state:not at safepoint (normal execution)

VM Mutex/Monitor currently owned by a thread: None

Heap:
 PSYoungGen      total 408576K, used 134682K [0x000000076ab00000, 0x0000000785d00000, 0x00000007c0000000)
  eden space 391168K, 32% used [0x000000076ab00000,0x00000007727297f8,0x0000000782900000)
  from space 17408K, 43% used [0x0000000784c00000,0x000000078535d068,0x0000000785d00000)
  to   space 26624K, 0% used [0x0000000782900000,0x0000000782900000,0x0000000784300000)
 ParOldGen       total 200704K, used 42805K [0x00000006c0000000, 0x00000006cc400000, 0x000000076ab00000)
  object space 200704K, 21% used [0x00000006c0000000,0x00000006c29cd7f0,0x00000006cc400000)
 Metaspace       used 39939K, capacity 40603K, committed 40744K, reserved 1085440K
  class space    used 5303K, capacity 5492K, committed 5504K, reserved 1048576K

Card table byte_map: [0x000000010b967000,0x000000010c168000] byte_map_base: 0x0000000108367000

Marking Bits: (ParMarkBitMap*) 0x000000010aef35d0
 Begin Bits: [0x000000010c6be000, 0x00000001106be000)
 End Bits:   [0x00000001106be000, 0x00000001146be000)

Polling page: 0x00000001094f9000

CodeCache: size=245760Kb used=19317Kb max_used=20049Kb free=226442Kb
 bounds [0x0000000118809000, 0x0000000119bb9000, 0x0000000127809000]
 total_blobs=4996 nmethods=4510 adapters=407
 compilation: enabled

Compilation events (10 events):
Event: 13.013 Thread 0x00007fec5f004800 nmethod 5215 0x00000001191e2bd0 code [0x00000001191e2d40, 0x00000001191e2ef0]
Event: 13.014 Thread 0x00007fec5b04c000 5216  s    4       java.util.jar.JarFile::getInputStream (89 bytes)
Event: 13.014 Thread 0x00007fec5f004800 5218       3       sun.nio.cs.UTF_8$Decoder::xflow (31 bytes)
Event: 13.014 Thread 0x00007fec5f004800 nmethod 5218 0x0000000118dc6390 code [0x0000000118dc6540, 0x0000000118dc6b18]
Event: 13.014 Thread 0x00007fec5f004800 5217       3       sun.nio.cs.UTF_8$Decoder::decodeLoop (28 bytes)
Event: 13.015 Thread 0x00007fec5f004800 nmethod 5217 0x00000001192b4310 code [0x00000001192b44c0, 0x00000001192b4a38]
Event: 13.015 Thread 0x00007fec5f004800 5219       3       java.nio.charset.Charset::lookup (44 bytes)
Event: 13.015 Thread 0x00007fec5f004800 nmethod 5219 0x00000001190e5750 code [0x00000001190e5900, 0x00000001190e5e08]
Event: 13.015 Thread 0x00007fec5f004800 5220   !   3       java.nio.charset.CharsetDecoder::decode (287 bytes)
Event: 13.016 Thread 0x00007fec5f004800 nmethod 5220 0x0000000118dfaa90 code [0x0000000118dfada0, 0x0000000118dfc5f8]

GC Heap History (10 events):
Event: 8.534 GC heap before
{Heap before GC invocations=8 (full 1):
 PSYoungGen      total 213504K, used 213147K [0x000000076ab00000, 0x000000077cd00000, 0x00000007c0000000)
  eden space 205824K, 100% used [0x000000076ab00000,0x0000000777400000,0x0000000777400000)
  from space 7680K, 95% used [0x000000077c580000,0x000000077cca6ed8,0x000000077cd00000)
  to   space 28160K, 0% used [0x0000000779600000,0x0000000779600000,0x000000077b180000)
 ParOldGen       total 141312K, used 33947K [0x00000006c0000000, 0x00000006c8a00000, 0x000000076ab00000)
  object space 141312K, 24% used [0x00000006c0000000,0x00000006c2126f28,0x00000006c8a00000)
 Metaspace       used 28148K, capacity 28546K, committed 28928K, reserved 1075200K
  class space    used 3653K, capacity 3793K, committed 3840K, reserved 1048576K
Event: 8.542 GC heap after
Heap after GC invocations=8 (full 1):
 PSYoungGen      total 268800K, used 9365K [0x000000076ab00000, 0x0000000781480000, 0x00000007c0000000)
  eden space 240640K, 0% used [0x000000076ab00000,0x000000076ab00000,0x0000000779600000)
  from space 28160K, 33% used [0x0000000779600000,0x0000000779f25428,0x000000077b180000)
  to   space 28160K, 0% used [0x000000077f900000,0x000000077f900000,0x0000000781480000)
 ParOldGen       total 141312K, used 33955K [0x00000006c0000000, 0x00000006c8a00000, 0x000000076ab00000)
  object space 141312K, 24% used [0x00000006c0000000,0x00000006c2128f28,0x00000006c8a00000)
 Metaspace       used 28148K, capacity 28546K, committed 28928K, reserved 1075200K
  class space    used 3653K, capacity 3793K, committed 3840K, reserved 1048576K
}
Event: 9.583 GC heap before
{Heap before GC invocations=9 (full 1):
 PSYoungGen      total 268800K, used 250005K [0x000000076ab00000, 0x0000000781480000, 0x00000007c0000000)
  eden space 240640K, 100% used [0x000000076ab00000,0x0000000779600000,0x0000000779600000)
  from space 28160K, 33% used [0x0000000779600000,0x0000000779f25428,0x000000077b180000)
  to   space 28160K, 0% used [0x000000077f900000,0x000000077f900000,0x0000000781480000)
 ParOldGen       total 141312K, used 33955K [0x00000006c0000000, 0x00000006c8a00000, 0x000000076ab00000)
  object space 141312K, 24% used [0x00000006c0000000,0x00000006c2128f28,0x00000006c8a00000)
 Metaspace       used 30608K, capacity 31054K, committed 31360K, reserved 1077248K
  class space    used 4037K, capacity 4179K, committed 4224K, reserved 1048576K
Event: 9.591 GC heap after
Heap after GC invocations=9 (full 1):
 PSYoungGen      total 342528K, used 8377K [0x000000076ab00000, 0x0000000783c80000, 0x00000007c0000000)
  eden space 314368K, 0% used [0x000000076ab00000,0x000000076ab00000,0x000000077de00000)
  from space 28160K, 29% used [0x000000077f900000,0x000000078012e6f0,0x0000000781480000)
  to   space 27648K, 0% used [0x000000077de00000,0x000000077de00000,0x000000077f900000)
 ParOldGen       total 141312K, used 33963K [0x00000006c0000000, 0x00000006c8a00000, 0x000000076ab00000)
  object space 141312K, 24% used [0x00000006c0000000,0x00000006c212af28,0x00000006c8a00000)
 Metaspace       used 30608K, capacity 31054K, committed 31360K, reserved 1077248K
  class space    used 4037K, capacity 4179K, committed 4224K, reserved 1048576K
}
Event: 11.211 GC heap before
{Heap before GC invocations=10 (full 1):
 PSYoungGen      total 342528K, used 304857K [0x000000076ab00000, 0x0000000783c80000, 0x00000007c0000000)
  eden space 314368K, 94% used [0x000000076ab00000,0x000000077cc87f90,0x000000077de00000)
  from space 28160K, 29% used [0x000000077f900000,0x000000078012e6f0,0x0000000781480000)
  to   space 27648K, 0% used [0x000000077de00000,0x000000077de00000,0x000000077f900000)
 ParOldGen       total 141312K, used 33963K [0x00000006c0000000, 0x00000006c8a00000, 0x000000076ab00000)
  object space 141312K, 24% used [0x00000006c0000000,0x00000006c212af28,0x00000006c8a00000)
 Metaspace       used 34796K, capacity 35216K, committed 35496K, reserved 1079296K
  class space    used 4686K, capacity 4832K, committed 4864K, reserved 1048576K
Event: 11.229 GC heap after
Heap after GC invocations=10 (full 1):
 PSYoungGen      total 342016K, used 12062K [0x000000076ab00000, 0x0000000786600000, 0x00000007c0000000)
  eden space 314368K, 0% used [0x000000076ab00000,0x000000076ab00000,0x000000077de00000)
  from space 27648K, 43% used [0x000000077de00000,0x000000077e9c79d0,0x000000077f900000)
  to   space 26624K, 0% used [0x0000000784c00000,0x0000000784c00000,0x0000000786600000)
 ParOldGen       total 141312K, used 33971K [0x00000006c0000000, 0x00000006c8a00000, 0x000000076ab00000)
  object space 141312K, 24% used [0x00000006c0000000,0x00000006c212cf28,0x00000006c8a00000)
 Metaspace       used 34796K, capacity 35216K, committed 35496K, reserved 1079296K
  class space    used 4686K, capacity 4832K, committed 4864K, reserved 1048576K
}
Event: 11.229 GC heap before
{Heap before GC invocations=11 (full 2):
 PSYoungGen      total 342016K, used 12062K [0x000000076ab00000, 0x0000000786600000, 0x00000007c0000000)
  eden space 314368K, 0% used [0x000000076ab00000,0x000000076ab00000,0x000000077de00000)
  from space 27648K, 43% used [0x000000077de00000,0x000000077e9c79d0,0x000000077f900000)
  to   space 26624K, 0% used [0x0000000784c00000,0x0000000784c00000,0x0000000786600000)
 ParOldGen       total 141312K, used 33971K [0x00000006c0000000, 0x00000006c8a00000, 0x000000076ab00000)
  object space 141312K, 24% used [0x00000006c0000000,0x00000006c212cf28,0x00000006c8a00000)
 Metaspace       used 34796K, capacity 35216K, committed 35496K, reserved 1079296K
  class space    used 4686K, capacity 4832K, committed 4864K, reserved 1048576K
Event: 11.331 GC heap after
Heap after GC invocations=11 (full 2):
 PSYoungGen      total 342016K, used 0K [0x000000076ab00000, 0x0000000786600000, 0x00000007c0000000)
  eden space 314368K, 0% used [0x000000076ab00000,0x000000076ab00000,0x000000077de00000)
  from space 27648K, 0% used [0x000000077de00000,0x000000077de00000,0x000000077f900000)
  to   space 26624K, 0% used [0x0000000784c00000,0x0000000784c00000,0x0000000786600000)
 ParOldGen       total 200704K, used 42797K [0x00000006c0000000, 0x00000006cc400000, 0x000000076ab00000)
  object space 200704K, 21% used [0x00000006c0000000,0x00000006c29cb7f0,0x00000006cc400000)
 Metaspace       used 34796K, capacity 35216K, committed 35496K, reserved 1079296K
  class space    used 4686K, capacity 4832K, committed 4864K, reserved 1048576K
}
Event: 12.538 GC heap before
{Heap before GC invocations=12 (full 2):
 PSYoungGen      total 342016K, used 314368K [0x000000076ab00000, 0x0000000786600000, 0x00000007c0000000)
  eden space 314368K, 100% used [0x000000076ab00000,0x000000077de00000,0x000000077de00000)
  from space 27648K, 0% used [0x000000077de00000,0x000000077de00000,0x000000077f900000)
  to   space 26624K, 0% used [0x0000000784c00000,0x0000000784c00000,0x0000000786600000)
 ParOldGen       total 200704K, used 42797K [0x00000006c0000000, 0x00000006cc400000, 0x000000076ab00000)
  object space 200704K, 21% used [0x00000006c0000000,0x00000006c29cb7f0,0x00000006cc400000)
 Metaspace       used 37836K, capacity 38473K, committed 38696K, reserved 1083392K
  class space    used 5000K, capacity 5169K, committed 5248K, reserved 1048576K
Event: 12.550 GC heap after
Heap after GC invocations=12 (full 2):
 PSYoungGen      total 408576K, used 7540K [0x000000076ab00000, 0x0000000785d00000, 0x00000007c0000000)
  eden space 391168K, 0% used [0x000000076ab00000,0x000000076ab00000,0x0000000782900000)
  from space 17408K, 43% used [0x0000000784c00000,0x000000078535d068,0x0000000785d00000)
  to   space 26624K, 0% used [0x0000000782900000,0x0000000782900000,0x0000000784300000)
 ParOldGen       total 200704K, used 42805K [0x00000006c0000000, 0x00000006cc400000, 0x000000076ab00000)
  object space 200704K, 21% used [0x00000006c0000000,0x00000006c29cd7f0,0x00000006cc400000)
 Metaspace       used 37836K, capacity 38473K, committed 38696K, reserved 1083392K
  class space    used 5000K, capacity 5169K, committed 5248K, reserved 1048576K
}

Deoptimization events (10 events):
Event: 12.622 Thread 0x00007fec5b801800 Uncommon trap: reason=unstable_if action=reinterpret pc=0x00000001199dd820 method=java.util.jar.JarFile.getManifestFromReference()Ljava/util/jar/Manifest; @ 39
Event: 12.750 Thread 0x00007fec5b801800 Uncommon trap: reason=unstable_if action=reinterpret pc=0x0000000118dcb3ec method=sun.misc.ASCIICaseInsensitiveComparator.compare(Ljava/lang/String;Ljava/lang/String;)I @ 83
Event: 12.785 Thread 0x00007fec5b801800 Uncommon trap: reason=unstable_if action=reinterpret pc=0x0000000119a117b4 method=java.util.regex.Pattern.closure(Ljava/util/regex/Pattern$Node;)Ljava/util/regex/Pattern$Node; @ 301
Event: 12.988 Thread 0x00007fec5b801800 Uncommon trap: reason=unstable_if action=reinterpret pc=0x0000000119b86e88 method=java.beans.Introspector.addMethod(Ljava/beans/MethodDescriptor;)V @ 153
Event: 12.988 Thread 0x00007fec5b801800 Uncommon trap: reason=unstable_if action=reinterpret pc=0x0000000118da3548 method=java.lang.reflect.Method.equals(Ljava/lang/Object;)Z @ 1
Event: 12.994 Thread 0x00007fec5b801800 Uncommon trap: reason=unstable_if action=reinterpret pc=0x00000001198aafb0 method=sun.reflect.annotation.AnnotationInvocationHandler.invoke(Ljava/lang/Object;Ljava/lang/reflect/Method;[Ljava/lang/Object;)Ljava/lang/Object; @ 19
Event: 13.003 Thread 0x00007fec5b801800 Uncommon trap: reason=class_check action=maybe_recompile pc=0x0000000119b7322c method=sun.reflect.generics.reflectiveObjects.WildcardTypeImpl.getUpperBounds()[Ljava/lang/reflect/Type; @ 49
Event: 13.003 Thread 0x00007fec5b801800 Uncommon trap: reason=class_check action=maybe_recompile pc=0x0000000119b7322c method=sun.reflect.generics.reflectiveObjects.WildcardTypeImpl.getUpperBounds()[Ljava/lang/reflect/Type; @ 49
Event: 13.003 Thread 0x00007fec5b801800 Uncommon trap: reason=class_check action=maybe_recompile pc=0x0000000119b7322c method=sun.reflect.generics.reflectiveObjects.WildcardTypeImpl.getUpperBounds()[Ljava/lang/reflect/Type; @ 49
Event: 13.003 Thread 0x00007fec5b801800 Uncommon trap: reason=class_check action=maybe_recompile pc=0x0000000119b7322c method=sun.reflect.generics.reflectiveObjects.WildcardTypeImpl.getUpperBounds()[Ljava/lang/reflect/Type; @ 49

Internal exceptions (10 events):
Event: 12.986 Thread 0x00007fec5b801800 Exception <a 'java/lang/ClassNotFoundException': org/mule/session/AbstractSessionHandlerCustomizer> (0x0000000771a62cb8) thrown at [/Users/java_re/workspace/8-2-build-macosx-x86_64/jdk8u151/9699/hotspot/src/share/vm/classfile/systemDictionary.cpp, line 21
Event: 12.987 Thread 0x00007fec5b801800 Exception <a 'java/lang/ClassNotFoundException': org/mule/session/SerializeOnlySessionHandlerCustomizer> (0x0000000771ad13d0) thrown at [/Users/java_re/workspace/8-2-build-macosx-x86_64/jdk8u151/9699/hotspot/src/share/vm/classfile/systemDictionary.cpp, li
Event: 12.988 Thread 0x00007fec5b801800 Exception <a 'java/lang/ClassNotFoundException': org/mule/session/SerializeAndEncodeSessionHandlerCustomizer> (0x0000000771b49228) thrown at [/Users/java_re/workspace/8-2-build-macosx-x86_64/jdk8u151/9699/hotspot/src/share/vm/classfile/systemDictionary.cp
Event: 12.988 Thread 0x00007fec5b801800 Implicit null exception at 0x0000000118da332c to 0x0000000118da3535
Event: 13.000 Thread 0x00007fec5b801800 Exception <a 'java/lang/ClassNotFoundException': com/mulesoft/mule/config/pool/MonitoredThreadPoolExecutorBeanInfo> (0x0000000771f43a38) thrown at [/Users/java_re/workspace/8-2-build-macosx-x86_64/jdk8u151/9699/hotspot/src/share/vm/classfile/systemDiction
Event: 13.001 Thread 0x00007fec5b801800 Exception <a 'java/lang/ClassNotFoundException': java/util/concurrent/ThreadPoolExecutorBeanInfo> (0x0000000771f798b8) thrown at [/Users/java_re/workspace/8-2-build-macosx-x86_64/jdk8u151/9699/hotspot/src/share/vm/classfile/systemDictionary.cpp, line 210]
Event: 13.002 Thread 0x00007fec5b801800 Exception <a 'java/lang/ClassNotFoundException': java/util/concurrent/AbstractExecutorServiceBeanInfo> (0x0000000771fc7aa0) thrown at [/Users/java_re/workspace/8-2-build-macosx-x86_64/jdk8u151/9699/hotspot/src/share/vm/classfile/systemDictionary.cpp, line
Event: 13.002 Thread 0x00007fec5b801800 Exception <a 'java/lang/ClassNotFoundException': java/util/concurrent/AbstractExecutorServiceCustomizer> (0x00000007720023d0) thrown at [/Users/java_re/workspace/8-2-build-macosx-x86_64/jdk8u151/9699/hotspot/src/share/vm/classfile/systemDictionary.cpp, li
Event: 13.005 Thread 0x00007fec5b801800 Exception <a 'java/lang/ClassNotFoundException': java/util/concurrent/ThreadPoolExecutorCustomizer> (0x000000077204b850) thrown at [/Users/java_re/workspace/8-2-build-macosx-x86_64/jdk8u151/9699/hotspot/src/share/vm/classfile/systemDictionary.cpp, line 21
Event: 13.008 Thread 0x00007fec5b801800 Exception <a 'java/lang/ClassNotFoundException': com/mulesoft/mule/config/pool/MonitoredThreadPoolExecutorCustomizer> (0x00000007720e3ac8) thrown at [/Users/java_re/workspace/8-2-build-macosx-x86_64/jdk8u151/9699/hotspot/src/share/vm/classfile/systemDicti

Events (10 events):
Event: 13.027 Thread 0x00007fec5b801800 DEOPT PACKING pc=0x0000000118edace4 sp=0x000070000fc835c0
Event: 13.027 Thread 0x00007fec5b801800 DEOPT UNPACKING pc=0x0000000118850633 sp=0x000070000fc832f0 mode 1
Event: 13.027 Thread 0x00007fec5b801800 DEOPT PACKING pc=0x0000000119b1b624 sp=0x000070000fc835f0
Event: 13.027 Thread 0x00007fec5b801800 DEOPT UNPACKING pc=0x0000000118850633 sp=0x000070000fc832e8 mode 1
Event: 13.027 Thread 0x00007fec5b801800 DEOPT PACKING pc=0x0000000119655d14 sp=0x000070000fc83510
Event: 13.027 Thread 0x00007fec5b801800 DEOPT UNPACKING pc=0x0000000118850633 sp=0x000070000fc832b8 mode 1
Event: 13.027 Thread 0x00007fec5b801800 DEOPT PACKING pc=0x0000000118edace4 sp=0x000070000fc83660
Event: 13.027 Thread 0x00007fec5b801800 DEOPT UNPACKING pc=0x0000000118850633 sp=0x000070000fc83390 mode 1
Event: 13.027 Thread 0x00007fec5b801800 DEOPT PACKING pc=0x0000000119b1b624 sp=0x000070000fc83690
Event: 13.027 Thread 0x00007fec5b801800 DEOPT UNPACKING pc=0x0000000118850633 sp=0x000070000fc83388 mode 1


Dynamic libraries:
0x000000001c57c000 	/System/Library/Frameworks/Cocoa.framework/Versions/A/Cocoa
0x000000001c57c000 	/System/Library/Frameworks/Security.framework/Versions/A/Security
0x000000001c57c000 	/System/Library/Frameworks/ApplicationServices.framework/Versions/A/ApplicationServices
0x000000001c57c000 	/usr/lib/libz.1.dylib
0x000000001c57c000 	/usr/lib/libSystem.B.dylib
0x000000001c57c000 	/usr/lib/libobjc.A.dylib
0x000000001c57c000 	/System/Library/Frameworks/CoreFoundation.framework/Versions/A/CoreFoundation
0x000000001c57c000 	/System/Library/Frameworks/Foundation.framework/Versions/C/Foundation
0x000000001c57c000 	/System/Library/Frameworks/AppKit.framework/Versions/C/AppKit
0x000000001c57c000 	/System/Library/Frameworks/CoreData.framework/Versions/A/CoreData
0x000000001c57c000 	/System/Library/PrivateFrameworks/RemoteViewServices.framework/Versions/A/RemoteViewServices
0x000000001c57c000 	/System/Library/PrivateFrameworks/UIFoundation.framework/Versions/A/UIFoundation
0x000000001c57c000 	/System/Library/PrivateFrameworks/DFRFoundation.framework/Versions/A/DFRFoundation
0x000000001c57c000 	/System/Library/Frameworks/Metal.framework/Versions/A/Metal
0x000000001c57c000 	/System/Library/PrivateFrameworks/DesktopServicesPriv.framework/Versions/A/DesktopServicesPriv
0x000000001c57c000 	/usr/lib/libenergytrace.dylib
0x000000001c57c000 	/System/Library/PrivateFrameworks/SkyLight.framework/Versions/A/SkyLight
0x000000001c57c000 	/System/Library/Frameworks/CoreGraphics.framework/Versions/A/CoreGraphics
0x000000001c57c000 	/usr/lib/libScreenReader.dylib
0x000000001c57c000 	/System/Library/Frameworks/Accelerate.framework/Versions/A/Accelerate
0x000000001c57c000 	/System/Library/Frameworks/IOSurface.framework/Versions/A/IOSurface
0x000000001c57c000 	/System/Library/Frameworks/AudioToolbox.framework/Versions/A/AudioToolbox
0x000000001c57c000 	/System/Library/Frameworks/AudioUnit.framework/Versions/A/AudioUnit
0x000000001c57c000 	/System/Library/PrivateFrameworks/DataDetectorsCore.framework/Versions/A/DataDetectorsCore
0x000000001c57c000 	/System/Library/Frameworks/Carbon.framework/Versions/A/Frameworks/HIToolbox.framework/Versions/A/HIToolbox
0x000000001c57c000 	/usr/lib/libicucore.A.dylib
0x000000001c57c000 	/System/Library/Frameworks/QuartzCore.framework/Versions/A/QuartzCore
0x000000001c57c000 	/System/Library/Frameworks/Carbon.framework/Versions/A/Frameworks/SpeechRecognition.framework/Versions/A/SpeechRecognition
0x000000001c57c000 	/usr/lib/libauto.dylib
0x000000001c57c000 	/usr/lib/libxml2.2.dylib
0x000000001c57c000 	/System/Library/PrivateFrameworks/CoreUI.framework/Versions/A/CoreUI
0x000000001c57c000 	/System/Library/Frameworks/CoreAudio.framework/Versions/A/CoreAudio
0x000000001c57c000 	/System/Library/Frameworks/DiskArbitration.framework/Versions/A/DiskArbitration
0x000000001c57c000 	/usr/lib/liblangid.dylib
0x000000001c57c000 	/System/Library/PrivateFrameworks/MultitouchSupport.framework/Versions/A/MultitouchSupport
0x000000001c57c000 	/System/Library/Frameworks/IOKit.framework/Versions/A/IOKit
0x000000001c57c000 	/usr/lib/libDiagnosticMessagesClient.dylib
0x000000001c57c000 	/System/Library/Frameworks/CoreServices.framework/Versions/A/CoreServices
0x000000001c57c000 	/System/Library/PrivateFrameworks/PerformanceAnalysis.framework/Versions/A/PerformanceAnalysis
0x000000001c57c000 	/System/Library/Frameworks/OpenGL.framework/Versions/A/OpenGL
0x000000001c57c000 	/System/Library/Frameworks/ColorSync.framework/Versions/A/ColorSync
0x000000001c57c000 	/System/Library/Frameworks/CoreImage.framework/Versions/A/CoreImage
0x000000001c57c000 	/System/Library/Frameworks/CoreText.framework/Versions/A/CoreText
0x000000001c57c000 	/System/Library/Frameworks/ImageIO.framework/Versions/A/ImageIO
0x000000001c57c000 	/System/Library/PrivateFrameworks/Backup.framework/Versions/A/Backup
0x000000001c57c000 	/usr/lib/libarchive.2.dylib
0x000000001c57c000 	/System/Library/Frameworks/CFNetwork.framework/Versions/A/CFNetwork
0x000000001c57c000 	/System/Library/Frameworks/SystemConfiguration.framework/Versions/A/SystemConfiguration
0x000000001c57c000 	/usr/lib/libCRFSuite.dylib
0x000000001c57c000 	/usr/lib/libc++.1.dylib
0x000000001c57c000 	/usr/lib/libc++abi.dylib
0x000000001c57c000 	/usr/lib/system/libcache.dylib
0x000000001c57c000 	/usr/lib/system/libcommonCrypto.dylib
0x000000001c57c000 	/usr/lib/system/libcompiler_rt.dylib
0x000000001c57c000 	/usr/lib/system/libcopyfile.dylib
0x000000001c57c000 	/usr/lib/system/libcorecrypto.dylib
0x000000001c57c000 	/usr/lib/system/libdispatch.dylib
0x000000001c57c000 	/usr/lib/system/libdyld.dylib
0x000000001c57c000 	/usr/lib/system/libkeymgr.dylib
0x000000001c57c000 	/usr/lib/system/liblaunch.dylib
0x000000001c57c000 	/usr/lib/system/libmacho.dylib
0x000000001c57c000 	/usr/lib/system/libquarantine.dylib
0x000000001c57c000 	/usr/lib/system/libremovefile.dylib
0x000000001c57c000 	/usr/lib/system/libsystem_asl.dylib
0x000000001c57c000 	/usr/lib/system/libsystem_blocks.dylib
0x000000001c57c000 	/usr/lib/system/libsystem_c.dylib
0x000000001c57c000 	/usr/lib/system/libsystem_configuration.dylib
0x000000001c57c000 	/usr/lib/system/libsystem_coreservices.dylib
0x000000001c57c000 	/usr/lib/system/libsystem_darwin.dylib
0x000000001c57c000 	/usr/lib/system/libsystem_dnssd.dylib
0x000000001c57c000 	/usr/lib/system/libsystem_info.dylib
0x000000001c57c000 	/usr/lib/system/libsystem_m.dylib
0x000000001c57c000 	/usr/lib/system/libsystem_malloc.dylib
0x000000001c57c000 	/usr/lib/system/libsystem_network.dylib
0x000000001c57c000 	/usr/lib/system/libsystem_networkextension.dylib
0x000000001c57c000 	/usr/lib/system/libsystem_notify.dylib
0x000000001c57c000 	/usr/lib/system/libsystem_sandbox.dylib
0x000000001c57c000 	/usr/lib/system/libsystem_secinit.dylib
0x000000001c57c000 	/usr/lib/system/libsystem_kernel.dylib
0x000000001c57c000 	/usr/lib/system/libsystem_platform.dylib
0x000000001c57c000 	/usr/lib/system/libsystem_pthread.dylib
0x000000001c57c000 	/usr/lib/system/libsystem_symptoms.dylib
0x000000001c57c000 	/usr/lib/system/libsystem_trace.dylib
0x000000001c57c000 	/usr/lib/system/libunwind.dylib
0x000000001c57c000 	/usr/lib/system/libxpc.dylib
0x000000001c57c000 	/usr/lib/closure/libclosured.dylib
0x000000001c57c000 	/usr/lib/libbsm.0.dylib
0x000000001c57c000 	/usr/lib/system/libkxld.dylib
0x000000001c57c000 	/usr/lib/libOpenScriptingUtil.dylib
0x000000001c57c000 	/usr/lib/libcoretls.dylib
0x000000001c57c000 	/usr/lib/libcoretls_cfhelpers.dylib
0x000000001c57c000 	/usr/lib/libpam.2.dylib
0x000000001c57c000 	/usr/lib/libsqlite3.dylib
0x000000001c57c000 	/usr/lib/libxar.1.dylib
0x000000001c57c000 	/usr/lib/libbz2.1.0.dylib
0x000000001c57c000 	/usr/lib/liblzma.5.dylib
0x000000001c57c000 	/usr/lib/libnetwork.dylib
0x000000001c57c000 	/usr/lib/libapple_nghttp2.dylib
0x000000001c57c000 	/usr/lib/libpcap.A.dylib
0x000000001c57c000 	/usr/lib/libboringssl.dylib
0x000000001c57c000 	/usr/lib/libusrtcp.dylib
0x000000001c57c000 	/usr/lib/libapple_crypto.dylib
0x000000001c57c000 	/System/Library/Frameworks/CoreServices.framework/Versions/A/Frameworks/FSEvents.framework/Versions/A/FSEvents
0x000000001c57c000 	/System/Library/Frameworks/CoreServices.framework/Versions/A/Frameworks/CarbonCore.framework/Versions/A/CarbonCore
0x000000001c57c000 	/System/Library/Frameworks/CoreServices.framework/Versions/A/Frameworks/Metadata.framework/Versions/A/Metadata
0x000000001c57c000 	/System/Library/Frameworks/CoreServices.framework/Versions/A/Frameworks/OSServices.framework/Versions/A/OSServices
0x000000001c57c000 	/System/Library/Frameworks/CoreServices.framework/Versions/A/Frameworks/SearchKit.framework/Versions/A/SearchKit
0x000000001c57c000 	/System/Library/Frameworks/CoreServices.framework/Versions/A/Frameworks/AE.framework/Versions/A/AE
0x000000001c57c000 	/System/Library/Frameworks/CoreServices.framework/Versions/A/Frameworks/LaunchServices.framework/Versions/A/LaunchServices
0x000000001c57c000 	/System/Library/Frameworks/CoreServices.framework/Versions/A/Frameworks/DictionaryServices.framework/Versions/A/DictionaryServices
0x000000001c57c000 	/System/Library/Frameworks/CoreServices.framework/Versions/A/Frameworks/SharedFileList.framework/Versions/A/SharedFileList
0x000000001c57c000 	/System/Library/Frameworks/NetFS.framework/Versions/A/NetFS
0x000000001c57c000 	/System/Library/PrivateFrameworks/NetAuth.framework/Versions/A/NetAuth
0x000000001c57c000 	/System/Library/PrivateFrameworks/login.framework/Versions/A/Frameworks/loginsupport.framework/Versions/A/loginsupport
0x000000001c57c000 	/System/Library/PrivateFrameworks/TCC.framework/Versions/A/TCC
0x000000001c57c000 	/usr/lib/libmecabra.dylib
0x000000001c57c000 	/System/Library/Frameworks/ApplicationServices.framework/Versions/A/Frameworks/ATS.framework/Versions/A/ATS
0x000000001c57c000 	/System/Library/Frameworks/ApplicationServices.framework/Versions/A/Frameworks/ColorSyncLegacy.framework/Versions/A/ColorSyncLegacy
0x000000001c57c000 	/System/Library/Frameworks/ApplicationServices.framework/Versions/A/Frameworks/HIServices.framework/Versions/A/HIServices
0x000000001c57c000 	/System/Library/Frameworks/ApplicationServices.framework/Versions/A/Frameworks/LangAnalysis.framework/Versions/A/LangAnalysis
0x000000001c57c000 	/System/Library/Frameworks/ApplicationServices.framework/Versions/A/Frameworks/PrintCore.framework/Versions/A/PrintCore
0x000000001c57c000 	/System/Library/Frameworks/ApplicationServices.framework/Versions/A/Frameworks/QD.framework/Versions/A/QD
0x000000001c57c000 	/System/Library/Frameworks/ApplicationServices.framework/Versions/A/Frameworks/SpeechSynthesis.framework/Versions/A/SpeechSynthesis
0x000000001c57c000 	/System/Library/Frameworks/CoreDisplay.framework/Versions/A/CoreDisplay
0x000000001c57c000 	/System/Library/Frameworks/Accelerate.framework/Versions/A/Frameworks/vImage.framework/Versions/A/vImage
0x000000001c57c000 	/System/Library/Frameworks/Accelerate.framework/Versions/A/Frameworks/vecLib.framework/Versions/A/vecLib
0x000000001c57c000 	/System/Library/Frameworks/Accelerate.framework/Versions/A/Frameworks/vecLib.framework/Versions/A/libvDSP.dylib
0x000000001c57c000 	/System/Library/Frameworks/Accelerate.framework/Versions/A/Frameworks/vecLib.framework/Versions/A/libBNNS.dylib
0x000000001c57c000 	/System/Library/Frameworks/Accelerate.framework/Versions/A/Frameworks/vecLib.framework/Versions/A/libQuadrature.dylib
0x000000001c57c000 	/System/Library/Frameworks/Accelerate.framework/Versions/A/Frameworks/vecLib.framework/Versions/A/libvMisc.dylib
0x000000001c57c000 	/System/Library/Frameworks/Accelerate.framework/Versions/A/Frameworks/vecLib.framework/Versions/A/libLAPACK.dylib
0x000000001c57c000 	/System/Library/Frameworks/Accelerate.framework/Versions/A/Frameworks/vecLib.framework/Versions/A/libBLAS.dylib
0x000000001c57c000 	/System/Library/Frameworks/Accelerate.framework/Versions/A/Frameworks/vecLib.framework/Versions/A/libLinearAlgebra.dylib
0x000000001c57c000 	/System/Library/Frameworks/Accelerate.framework/Versions/A/Frameworks/vecLib.framework/Versions/A/libSparse.dylib
0x000000001c57c000 	/System/Library/Frameworks/Accelerate.framework/Versions/A/Frameworks/vecLib.framework/Versions/A/libSparseBLAS.dylib
0x000000001c57c000 	/System/Library/PrivateFrameworks/IOAccelerator.framework/Versions/A/IOAccelerator
0x000000001c57c000 	/System/Library/PrivateFrameworks/IOPresentment.framework/Versions/A/IOPresentment
0x000000001c57c000 	/System/Library/PrivateFrameworks/DSExternalDisplay.framework/Versions/A/DSExternalDisplay
0x000000001c57c000 	/System/Library/Frameworks/OpenGL.framework/Versions/A/Libraries/libCoreFSCache.dylib
0x000000001c57c000 	/System/Library/Frameworks/CoreVideo.framework/Versions/A/CoreVideo
0x000000001c57c000 	/System/Library/PrivateFrameworks/GraphVisualizer.framework/Versions/A/GraphVisualizer
0x000000001c57c000 	/System/Library/Frameworks/MetalPerformanceShaders.framework/Versions/A/MetalPerformanceShaders
0x000000001c57c000 	/usr/lib/libFosl_dynamic.dylib
0x000000001c57c000 	/System/Library/PrivateFrameworks/FaceCore.framework/Versions/A/FaceCore
0x000000001c57c000 	/System/Library/Frameworks/OpenCL.framework/Versions/A/OpenCL
0x000000001c57c000 	/usr/lib/libcompression.dylib
0x000000001c57c000 	/System/Library/Frameworks/ApplicationServices.framework/Versions/A/Frameworks/ATS.framework/Versions/A/Resources/libFontParser.dylib
0x000000001c57c000 	/System/Library/Frameworks/ApplicationServices.framework/Versions/A/Frameworks/ATS.framework/Versions/A/Resources/libFontRegistry.dylib
0x000000001c57c000 	/System/Library/Frameworks/ImageIO.framework/Versions/A/Resources/libJPEG.dylib
0x000000001c57c000 	/System/Library/Frameworks/ImageIO.framework/Versions/A/Resources/libTIFF.dylib
0x000000001c57c000 	/System/Library/Frameworks/ImageIO.framework/Versions/A/Resources/libPng.dylib
0x000000001c57c000 	/System/Library/Frameworks/ImageIO.framework/Versions/A/Resources/libGIF.dylib
0x000000001c57c000 	/System/Library/Frameworks/ImageIO.framework/Versions/A/Resources/libJP2.dylib
0x000000001c57c000 	/System/Library/Frameworks/ImageIO.framework/Versions/A/Resources/libRadiance.dylib
0x000000001c57c000 	/System/Library/PrivateFrameworks/AppleJPEG.framework/Versions/A/AppleJPEG
0x000000001c57c000 	/System/Library/PrivateFrameworks/MetalTools.framework/Versions/A/MetalTools
0x000000001c57c000 	/System/Library/Frameworks/MetalPerformanceShaders.framework/Frameworks/MPSCore.framework/Versions/A/MPSCore
0x000000001c57c000 	/System/Library/Frameworks/MetalPerformanceShaders.framework/Frameworks/MPSImage.framework/Versions/A/MPSImage
0x000000001c57c000 	/System/Library/Frameworks/MetalPerformanceShaders.framework/Frameworks/MPSMatrix.framework/Versions/A/MPSMatrix
0x000000001c57c000 	/System/Library/Frameworks/MetalPerformanceShaders.framework/Frameworks/MPSNeuralNetwork.framework/Versions/A/MPSNeuralNetwork
0x000000001c57c000 	/System/Library/Frameworks/OpenGL.framework/Versions/A/Libraries/libGLU.dylib
0x000000001c57c000 	/System/Library/Frameworks/OpenGL.framework/Versions/A/Libraries/libGFXShared.dylib
0x000000001c57c000 	/System/Library/Frameworks/OpenGL.framework/Versions/A/Libraries/libGL.dylib
0x000000001c57c000 	/System/Library/Frameworks/OpenGL.framework/Versions/A/Libraries/libGLImage.dylib
0x000000001c57c000 	/System/Library/Frameworks/OpenGL.framework/Versions/A/Libraries/libCVMSPluginSupport.dylib
0x000000001c57c000 	/System/Library/Frameworks/OpenGL.framework/Versions/A/Libraries/libCoreVMClient.dylib
0x000000001c57c000 	/usr/lib/libcups.2.dylib
0x000000001c57c000 	/System/Library/Frameworks/Kerberos.framework/Versions/A/Kerberos
0x000000001c57c000 	/System/Library/Frameworks/GSS.framework/Versions/A/GSS
0x000000001c57c000 	/usr/lib/libresolv.9.dylib
0x000000001c57c000 	/usr/lib/libiconv.2.dylib
0x000000001c57c000 	/System/Library/PrivateFrameworks/Heimdal.framework/Versions/A/Heimdal
0x000000001c57c000 	/usr/lib/libheimdal-asn1.dylib
0x000000001c57c000 	/System/Library/Frameworks/OpenDirectory.framework/Versions/A/OpenDirectory
0x000000001c57c000 	/System/Library/PrivateFrameworks/CommonAuth.framework/Versions/A/CommonAuth
0x000000001c57c000 	/System/Library/Frameworks/OpenDirectory.framework/Versions/A/Frameworks/CFOpenDirectory.framework/Versions/A/CFOpenDirectory
0x000000001c57c000 	/System/Library/Frameworks/SecurityFoundation.framework/Versions/A/SecurityFoundation
0x000000001c57c000 	/System/Library/PrivateFrameworks/APFS.framework/Versions/A/APFS
0x000000001c57c000 	/usr/lib/libutil.dylib
0x000000001c57c000 	/System/Library/PrivateFrameworks/AppleSauce.framework/Versions/A/AppleSauce
0x000000001c57c000 	/System/Library/PrivateFrameworks/LinguisticData.framework/Versions/A/LinguisticData
0x000000001c57c000 	/usr/lib/libmarisa.dylib
0x000000001c57c000 	/System/Library/PrivateFrameworks/Lexicon.framework/Versions/A/Lexicon
0x000000001c57c000 	/usr/lib/libChineseTokenizer.dylib
0x000000001c57c000 	/usr/lib/libcmph.dylib
0x000000001c57c000 	/System/Library/PrivateFrameworks/LanguageModeling.framework/Versions/A/LanguageModeling
0x000000001c57c000 	/System/Library/PrivateFrameworks/CoreEmoji.framework/Versions/A/CoreEmoji
0x000000001c57c000 	/System/Library/Frameworks/ServiceManagement.framework/Versions/A/ServiceManagement
0x000000001c57c000 	/System/Library/PrivateFrameworks/BackgroundTaskManagement.framework/Versions/A/BackgroundTaskManagement
0x000000001c57c000 	/usr/lib/libxslt.1.dylib
0x000000001c57c000 	/System/Library/Frameworks/Carbon.framework/Versions/A/Frameworks/Ink.framework/Versions/A/Ink
0x000000001c57c000 	/System/Library/PrivateFrameworks/TextureIO.framework/Versions/A/TextureIO
0x000000001c57c000 	/usr/lib/libate.dylib
0x000000001c57c000 	/System/Library/PrivateFrameworks/CrashReporterSupport.framework/Versions/A/CrashReporterSupport
0x000000001c57c000 	/System/Library/PrivateFrameworks/Sharing.framework/Versions/A/Sharing
0x000000001c57c000 	/System/Library/PrivateFrameworks/IconServices.framework/Versions/A/IconServices
0x000000001c57c000 	/System/Library/PrivateFrameworks/ProtocolBuffer.framework/Versions/A/ProtocolBuffer
0x000000001c57c000 	/System/Library/PrivateFrameworks/Apple80211.framework/Versions/A/Apple80211
0x000000001c57c000 	/System/Library/Frameworks/CoreWLAN.framework/Versions/A/CoreWLAN
0x000000001c57c000 	/System/Library/PrivateFrameworks/CoreUtils.framework/Versions/A/CoreUtils
0x000000001c57c000 	/System/Library/Frameworks/IOBluetooth.framework/Versions/A/IOBluetooth
0x000000001c57c000 	/System/Library/PrivateFrameworks/CoreWiFi.framework/Versions/A/CoreWiFi
0x000000001c57c000 	/System/Library/Frameworks/CoreBluetooth.framework/Versions/A/CoreBluetooth
0x000000001c57c000 	/System/Library/PrivateFrameworks/SignpostNotification.framework/Versions/A/SignpostNotification
0x000000001c57c000 	/System/Library/PrivateFrameworks/DebugSymbols.framework/Versions/A/DebugSymbols
0x000000001c57c000 	/System/Library/PrivateFrameworks/CoreSymbolication.framework/Versions/A/CoreSymbolication
0x000000001c57c000 	/System/Library/PrivateFrameworks/Symbolication.framework/Versions/A/Symbolication
0x000000001c57c000 	/System/Library/PrivateFrameworks/AppleFSCompression.framework/Versions/A/AppleFSCompression
0x000000001c57c000 	/System/Library/PrivateFrameworks/SpeechRecognitionCore.framework/Versions/A/SpeechRecognitionCore
0x000000010a600000 	/Library/Java/JavaVirtualMachines/jdk1.8.0_151.jdk/Contents/Home/jre/lib/server/libjvm.dylib
0x000000001c57c000 	/usr/lib/libstdc++.6.0.9.dylib
0x00000001094b6000 	/Library/Java/JavaVirtualMachines/jdk1.8.0_151.jdk/Contents/Home/jre/lib/libverify.dylib
0x00000001094c4000 	/Library/Java/JavaVirtualMachines/jdk1.8.0_151.jdk/Contents/Home/jre/lib/libjava.dylib
0x00000001094fa000 	/Library/Java/JavaVirtualMachines/jdk1.8.0_151.jdk/Contents/Home/jre/lib/libjdwp.dylib
0x0000000109545000 	/Library/Java/JavaVirtualMachines/jdk1.8.0_151.jdk/Contents/Home/jre/lib/libnpt.dylib
0x0000000109592000 	/Library/Java/JavaVirtualMachines/jdk1.8.0_151.jdk/Contents/Home/jre/lib/libzip.dylib
0x000000001c57c000 	/System/Library/Frameworks/JavaVM.framework/Versions/A/Frameworks/JavaRuntimeSupport.framework/Versions/A/JavaRuntimeSupport
0x000000001c57c000 	/System/Library/Frameworks/JavaVM.framework/Versions/A/Frameworks/JavaNativeFoundation.framework/Versions/A/JavaNativeFoundation
0x000000001c57c000 	/System/Library/Frameworks/JavaVM.framework/Versions/A/JavaVM
0x000000001c57c000 	/System/Library/Frameworks/Carbon.framework/Versions/A/Carbon
0x000000001c57c000 	/System/Library/PrivateFrameworks/JavaLaunching.framework/Versions/A/JavaLaunching
0x000000001c57c000 	/System/Library/Frameworks/Carbon.framework/Versions/A/Frameworks/CommonPanels.framework/Versions/A/CommonPanels
0x000000001c57c000 	/System/Library/Frameworks/Carbon.framework/Versions/A/Frameworks/Help.framework/Versions/A/Help
0x000000001c57c000 	/System/Library/Frameworks/Carbon.framework/Versions/A/Frameworks/ImageCapture.framework/Versions/A/ImageCapture
0x000000001c57c000 	/System/Library/Frameworks/Carbon.framework/Versions/A/Frameworks/OpenScripting.framework/Versions/A/OpenScripting
0x000000001c57c000 	/System/Library/Frameworks/Carbon.framework/Versions/A/Frameworks/Print.framework/Versions/A/Print
0x000000001c57c000 	/System/Library/Frameworks/Carbon.framework/Versions/A/Frameworks/SecurityHI.framework/Versions/A/SecurityHI
0x00000001095f4000 	/Library/Java/JavaVirtualMachines/jdk1.8.0_151.jdk/Contents/Home/jre/lib/libdt_socket.dylib
0x000000011875c000 	/Library/Java/JavaVirtualMachines/jdk1.8.0_151.jdk/Contents/Home/jre/lib/libmanagement.dylib
0x0000000118539000 	/Library/Java/JavaVirtualMachines/jdk1.8.0_151.jdk/Contents/Home/jre/lib/libnet.dylib
0x0000000118505000 	/Library/Java/JavaVirtualMachines/jdk1.8.0_151.jdk/Contents/Home/jre/lib/libnio.dylib

VM Arguments:
jvm_args: -agentlib:jdwp=transport=dt_socket,suspend=y,address=localhost:62961 -XX:PermSize=128M -XX:MaxPermSize=256M -Dmule.home=/Users/rob/Workspace/VIAA/.mule -Djava.endorsed.dirs=/Applications/AnypointStudio.app/Contents/Eclipse/plugins/org.mule.tooling.server.3.9.0.ee_6.4.3.201801182026/mule/lib/endorsed/ -Djava.net.preferIPv4Stack=TRUE -Dmvel2.disable.jit=TRUE -Dosgi.dev=true -Dmule.verbose.exceptions=true -Dmule.plugins.dir=/Applications/AnypointStudio.app/Contents/Eclipse/plugins/org.mule.tooling.server.3.9.0.ee_6.4.3.201801182026/mule/plugins -Dmule.agent.enabled=false -Dmule.forceConsoleLog -Dlog4j.debug=true -Danypoint.platform.gatekeeper=false -Dosgi.instance.area=file:/Users/rob/Workspace/VIAA -Dmule.env=staging -Dmule.debug.enable=true -Dmule.timeout.disable=false -Dmule.debug.port=6666 -Dmule.debug.suspend=false -Dfile.encoding=UTF-8 
java_command: org.mule.tooling.server.application.ApplicationDeployer
java_class_path (initial): /Applications/AnypointStudio.app/Contents/Eclipse/plugins/org.mule.tooling.server.3.9.0.ee_6.4.3.201801182026/mule/tooling/tooling-support-3.9.0.jar:/Applications/AnypointStudio.app/Contents/Eclipse/plugins/org.mule.tooling.server.3.9.0.ee_6.4.3.201801182026/mule/lib/boot/truelicense-1.29.jar:/Applications/AnypointStudio.app/Contents/Eclipse/plugins/org.mule.tooling.server.3.9.0.ee_6.4.3.201801182026/mule/lib/boot/log4j-api-2.8.2.jar:/Applications/AnypointStudio.app/Contents/Eclipse/plugins/org.mule.tooling.server.3.9.0.ee_6.4.3.201801182026/mule/lib/boot/log4j-jul-2.8.2.jar:/Applications/AnypointStudio.app/Contents/Eclipse/plugins/org.mule.tooling.server.3.9.0.ee_6.4.3.201801182026/mule/lib/boot/wrapper-3.5.29.jar:/Applications/AnypointStudio.app/Contents/Eclipse/plugins/org.mule.tooling.server.3.9.0.ee_6.4.3.201801182026/mule/lib/boot/log4j-1.2-api-2.8.2.jar:/Applications/AnypointStudio.app/Contents/Eclipse/plugins/org.mule.tooling.server.3.9.0.ee_6.4.3.201801182026/mule/lib/boot/slf4j-api-1.7.24.jar:/Applications/AnypointStudio.app/Contents/Eclipse/plugins/org.mule.tooling.server.3.9.0.ee_6.4.3.201801182026/mule/lib/boot/log4j-jcl-2.8.2.jar:/Applications/AnypointStudio.app/Contents/Eclipse/plugins/org.mule.tooling.server.3.9.0.ee_6.4.3.201801182026/mule/lib/boot/propertyset-1.3.jar:/Applications/AnypointStudio.app/Contents/Eclipse/plugins/org.mule.tooling.server.3.9.0.ee_6.4.3.201801182026/mule/lib/boot/mule-module-boot-ee-3.9.0.jar:/Applications/AnypointStudio.app/Contents/Eclipse/plugins/org.mule.tooling.server.3.9.0.ee_6.4.3.201801182026/mule/lib/boot/jcl-over-slf4j-1.7.24.jar:/Applications/AnypointStudio.app/Contents/Eclipse/plugins/org.mule.tooling.server.3.9.0.ee_6.4.3.201801182026/mule/lib/boot/license-utils-gw-3.9.0.jar:/Applications/AnypointStudio.app/Contents/Eclipse/plugins/org.mule.tooling.server.3.9.0.ee_6.4.3.201801182026/mule/lib/boot/commons-cli-1.2.jar:/Applications/AnypointStudio.app/Contents/Eclipse/plugins/org.mule
Launcher Type: SUN_STANDARD

Environment Variables:
PATH=/usr/bin:/bin:/usr/sbin:/sbin
SHELL=/bin/bash

Signal Handlers:
SIGSEGV: [libjvm.dylib+0x5b27a5], sa_mask[0]=11111111011111110111111111111111, sa_flags=SA_ONSTACK|SA_RESTART|SA_SIGINFO
SIGBUS: [libjvm.dylib+0x5b27a5], sa_mask[0]=11111111011111110111111111111111, sa_flags=SA_RESTART|SA_SIGINFO
SIGFPE: [libjvm.dylib+0x4891c4], sa_mask[0]=11111111011111110111111111111111, sa_flags=SA_RESTART|SA_SIGINFO
SIGPIPE: [libjvm.dylib+0x4891c4], sa_mask[0]=11111111011111110111111111111111, sa_flags=SA_RESTART|SA_SIGINFO
SIGXFSZ: [libjvm.dylib+0x4891c4], sa_mask[0]=11111111011111110111111111111111, sa_flags=SA_RESTART|SA_SIGINFO
SIGILL: [libjvm.dylib+0x4891c4], sa_mask[0]=11111111011111110111111111111111, sa_flags=SA_RESTART|SA_SIGINFO
SIGUSR1: SIG_DFL, sa_mask[0]=00000000000000000000000000000000, sa_flags=none
SIGUSR2: [libjvm.dylib+0x488ce2], sa_mask[0]=00100000000000000000000000000000, sa_flags=SA_RESTART|SA_SIGINFO
SIGHUP: [libjvm.dylib+0x4872b9], sa_mask[0]=11111111011111110111111111111111, sa_flags=SA_RESTART|SA_SIGINFO
SIGINT: [libjvm.dylib+0x4872b9], sa_mask[0]=11111111011111110111111111111111, sa_flags=SA_RESTART|SA_SIGINFO
SIGTERM: [libjvm.dylib+0x4872b9], sa_mask[0]=11111111011111110111111111111111, sa_flags=SA_RESTART|SA_SIGINFO
SIGQUIT: [libjvm.dylib+0x4872b9], sa_mask[0]=11111111011111110111111111111111, sa_flags=SA_RESTART|SA_SIGINFO


---------------  S Y S T E M  ---------------

OS:Bsduname:Darwin 17.4.0 Darwin Kernel Version 17.4.0: Sun Dec 17 09:19:54 PST 2017; root:xnu-4570.41.2~1/RELEASE_X86_64 x86_64
rlimit: STACK 8192k, CORE 0k, NPROC 1418, NOFILE 10240, AS infinity
load average:3.50 3.23 3.28

CPU:total 8 (initial active 8) (4 cores per cpu, 2 threads per core) family 6 model 158 stepping 9, cmov, cx8, fxsr, mmx, sse, sse2, sse3, ssse3, sse4.1, sse4.2, popcnt, avx, avx2, aes, clmul, erms, rtm, 3dnowpref, lzcnt, ht, tsc, tscinvbit, bmi1, bmi2, adx

Memory: 4k page, physical 16777216k(40732k free)

/proc/meminfo:


vm_info: Java HotSpot(TM) 64-Bit Server VM (25.151-b12) for bsd-amd64 JRE (1.8.0_151-b12), built on Sep  5 2017 19:37:08 by "java_re" with gcc 4.2.1 (Based on Apple Inc. build 5658) (LLVM build 2336.11.00)

time: Thu Feb 22 07:08:56 2018
elapsed time: 13 seconds (0d 0h 0m 13s)

